DavLockDB "/var/lib/dav/DavLock"

<VirtualHost *:80>
  ServerName localhost
  DocumentRoot "/var/www/html/"

  CustomLog /proc/self/fd/1 combined
  ErrorLog /proc/self/fd/2


Alias /home /var/lib/dav/data

    <Directory /var/lib/dav>
        # No .htaccess allowed
        AllowOverride None

    AuthType Basic
    AuthName "WebDAV"
    AuthUserFile "/user.passwd"
      Require valid-user

        # Authenticate through LDAP
#        AuthType basic
#        AuthName "docs area"
#        AuthBasicProvider ldap
#        AuthLDAPBindDN "userid=apache,dc=maze,dc=io"
#        AuthLDAPBindPassword "secret"
#        AuthLDAPURL "ldaps://ldap.net.maze.io/dc=maze,dc=io"
#        AuthLDAPGroupAttribute memberUid
#        AuthLDAPGroupAttributeIsDN off
#        Require ldap-group cn=docs,ou=Groups,dc=maze,dc=io

        # Enable WebDAV
        DAV On
    </Directory>

    # Restrict /home/* to /home/%{REMOTE_USER} access only
    RewriteEngine On
    RewriteCond %{REQUEST_URI} ^/home/(?:|README\.x?html?|index\..+)$
    RewriteRule ^.* - [L]
    RewriteCond %{LA-U:REMOTE_USER} ^(.+)
    RewriteCond %1:/home/$1 !^([^:]+):/home/\1$
    RewriteRule ^/home/([^/]+) - [F,L]



#  <Directory "/var/www/html/">
#    Require all granted
#  </Directory>


#  # Redirect to user directory
#  RewriteEngine on
#  RewriteCond %{LA-U:REMOTE_USER} ^[a-z0-9]+
#  RewriteRule ^(.*)$ /var/lib/dav/data/%{LA-U:REMOTE_USER}/$1 [L]

#  RewriteEngine On
#  RewriteRule ^/dav(.*)$ /__davinternal/%{LA-U:REMOTE_USER} [PT]


  # This lets certain DAV methods work behind an SSL reverse proxy.
  RequestHeader edit Destination ^https http early

#  Alias / "/var/lib/dav/data/"

#  <Location /__davinternal>
#    DocumentRoot /var/lib/dav/data
#    Dav On
#    Options Indexes FollowSymLinks
#
#    AuthType Basic
#    AuthName "WebDAV"
#    AuthUserFile "/user.passwd"
#    <LimitExcept GET HEAD OPTIONS>
#      Require valid-user
#    </LimitExcept>
#  </Location>
</VirtualHost>

#  <Directory "/var/www/html">
#    Require all granted
#  </Directory>

#  <Directory "/var/lib/dav/data/*/cgi-bin">
#    Options ExecCGI
#    SetHandler cgi-script
#  </Directory>

#  RewriteEngine on
#  RewriteRule "^/~([a-z0-9]+)(.*)" "/var/lib/dav/data/$1/$2"

#  Alias /webdav "/var/lib/dav/data/"

#  <Location "/webdav">
#    # Avoid using index.html as index file.
#    DirectoryIndex d195f904-c839-421a-9090-5e20fe68215f
#
#    Dav On
#    Options Indexes FollowSymLinks
#
#    AuthType Basic
#    AuthName "WebDAV"
#    AuthUserFile "/user.passwd"
#    <RequireAny>
#      Require valid-user
#    </RequireAny>

#    # Redirect to user directory
#    RewriteEngine on
#    RewriteCond %{LA-U:REMOTE_USER} ^[a-z0-9]+
#    RewriteRule ^\/(.*)$ /var/lib/dav/data/%{LA-U:REMOTE_USER}/$1 [L]
#  </Location>
#
#</VirtualHost>

# These disable redirects on non-GET requests for directories that
# don't include the trailing slash (for misbehaving clients).
BrowserMatch "Microsoft Data Access Internet Publishing Provider" redirect-carefully
BrowserMatch "MS FrontPage" redirect-carefully
BrowserMatch "^WebDrive" redirect-carefully
BrowserMatch "^WebDAVFS/1.[01234]" redirect-carefully
BrowserMatch "^gnome-vfs/1.0" redirect-carefully
BrowserMatch "^XML Spy" redirect-carefully
BrowserMatch "^Dreamweaver-WebDAV-SCM1" redirect-carefully
BrowserMatch " Konqueror/4" redirect-carefully
BrowserMatch "^gvfs" redirect-carefully
